<?xml version="1.0" encoding="UTF-8"?>
<!-- Generated by org.testng.reporters.JUnitXMLReporter -->
<testsuite ignored="0" hostname="Manoj" failures="1" tests="4" name="Test" time="48.457" errors="0" timestamp="2022-10-12T10:39:31 IST">
  <testcase classname="PracticeTestCase.AddResturantTestCaseTest" name="AddResturant" time="24.38">
    <failure type="org.openqa.selenium.NoSuchElementException" message="Cannot locate option with text: Indian 
For documentation on this error, please visit: https://selenium.dev/exceptions/#no_such_element
Build info: version: &amp;apos;4.4.0&amp;apos;, revision: &amp;apos;e5c75ed026a&amp;apos;
System info: host: &amp;apos;MANOJ&amp;apos;, ip: &amp;apos;192.168.0.201&amp;apos;, os.name: &amp;apos;Windows 11&amp;apos;, os.arch: &amp;apos;amd64&amp;apos;, os.version: &amp;apos;10.0&amp;apos;, java.version: &amp;apos;17.0.3&amp;apos;
Driver info: driver.version: unknown">
      <![CDATA[org.openqa.selenium.NoSuchElementException: Cannot locate option with text: Indian 
For documentation on this error, please visit: https://selenium.dev/exceptions/#no_such_element
Build info: version: '4.4.0', revision: 'e5c75ed026a'
System info: host: 'MANOJ', ip: '192.168.0.201', os.name: 'Windows 11', os.arch: 'amd64', os.version: '10.0', java.version: '17.0.3'
Driver info: driver.version: unknown
at org.openqa.selenium.support.ui.Select.selectByVisibleText(Select.java:151)
at tyss.SDET40_genericFiles.WebDriverUtility.DropdownByText(WebDriverUtility.java:113)
at PracticeTestCase.AddResturantTestCaseTest.AddResturant(AddResturantTestCaseTest.java:53)
at java.base/java.util.ArrayList.forEach(ArrayList.java:1511)
... Removed 27 stack frames]]>
    </failure>
  </testcase> <!-- AddResturant -->
  <testcase classname="PracticeTestCase.PlaceTheOrder" name="UpdateTestCaseWithTestNG" time="2.14"/>
  <testcase classname="PracticeTestCase.CancelTheSelectedOrder" name="CancelTheSelectedOrder1" time="0.738"/>
  <testcase classname="PracticeTestCase.UserRegistrationTestCase" name="UserRegistrationTestCaseWithTestNG1" time="6.701"/>
</testsuite> <!-- Test -->
